<?xml version="1.0" encoding="UTF-8"?>
<!-- Generated by org.testng.reporters.JUnitXMLReporter -->
<testsuite ignored="17" hostname="ganbayars-MacBook-Pro.local" failures="0" tests="1" name="Default test" time="6.752" errors="0" timestamp="2023-03-19T00:55:14 CDT">
  <testcase classname="DDC_Maven.DDC_Maven.DDCTest" name="testContextMenu" time="6.701"/>
  <testcase classname="DDC_Maven.DDC_Maven.DDCTest" name="testFileUpload" time="0.0">
    <ignored/>
  </testcase> <!-- testFileUpload -->
  <testcase classname="DDC_Maven.DDC_Maven.DDCTest" name="testDropDown" time="0.0">
    <ignored/>
  </testcase> <!-- testDropDown -->
  <testcase classname="DDC_Maven.DDC_Maven.DDCTest" name="testNotificationMessage" time="0.0">
    <ignored/>
  </testcase> <!-- testNotificationMessage -->
  <testcase classname="DDC_Maven.DDC_Maven.DDCTest" name="testDragAndDrop" time="0.0">
    <ignored/>
  </testcase> <!-- testDragAndDrop -->
  <testcase classname="DDC_Maven.DDC_Maven.DDCTest" name="testDynamicControls" time="0.0">
    <ignored/>
  </testcase> <!-- testDynamicControls -->
  <testcase classname="DDC_Maven.DDC_Maven.DDCTest" name="testDynamicContent" time="0.0">
    <ignored/>
  </testcase> <!-- testDynamicContent -->
  <testcase classname="DDC_Maven.DDC_Maven.DDCTest" name="testFileDownload" time="0.0">
    <ignored/>
  </testcase> <!-- testFileDownload -->
  <testcase classname="DDC_Maven.DDC_Maven.DDCTest" name="testJavascriptAlerts" time="0.0">
    <ignored/>
  </testcase> <!-- testJavascriptAlerts -->
  <testcase classname="DDC_Maven.DDC_Maven.DDCTest" name="testFloatingMenu" time="0.0">
    <ignored/>
  </testcase> <!-- testFloatingMenu -->
  <testcase classname="DDC_Maven.DDC_Maven.DDCTest" name="testIframe" time="0.0">
    <ignored/>
  </testcase> <!-- testIframe -->
  <testcase classname="DDC_Maven.DDC_Maven.DDCTest" name="testLoginSuccess" time="0.0">
    <ignored/>
  </testcase> <!-- testLoginSuccess -->
  <testcase classname="DDC_Maven.DDC_Maven.DDCTest" name="testJavascriptError" time="0.0">
    <ignored/>
  </testcase> <!-- testJavascriptError -->
  <testcase classname="DDC_Maven.DDC_Maven.DDCTest" name="testLoginFailure" time="0.0">
    <ignored/>
  </testcase> <!-- testLoginFailure -->
  <testcase classname="DDC_Maven.DDC_Maven.DDCTest" name="testCheckboxes" time="0.0">
    <ignored/>
  </testcase> <!-- testCheckboxes -->
  <testcase classname="DDC_Maven.DDC_Maven.DDCTest" name="testMouseHover" time="0.0">
    <ignored/>
  </testcase> <!-- testMouseHover -->
  <testcase classname="DDC_Maven.DDC_Maven.DDCTest" name="testDynamicLoading" time="0.0">
    <ignored/>
  </testcase> <!-- testDynamicLoading -->
  <testcase classname="DDC_Maven.DDC_Maven.DDCTest" name="testOpenInNewTab" time="0.0">
    <ignored/>
  </testcase> <!-- testOpenInNewTab -->
</testsuite> <!-- Default test -->
