<?xml version="1.0" encoding="UTF-8"?>
<testng-results ignored="17" total="18" passed="1" failed="0" skipped="0">
  <reporter-output>
  </reporter-output>
  <suite started-at="2023-03-19T00:55:07 CDT" name="Default suite" finished-at="2023-03-19T00:55:14 CDT" duration-ms="6752">
    <groups>
    </groups>
    <test started-at="2023-03-19T00:55:07 CDT" name="Default test" finished-at="2023-03-19T00:55:14 CDT" duration-ms="6752">
      <class name="DDC_Maven.DDC_Maven.DDCTest">
        <test-method is-config="true" signature="setup()[pri:0, instance:DDC_Maven.DDC_Maven.DDCTest@1d8e2eea]" started-at="2023-03-19T00:55:07 CDT" name="setup" finished-at="2023-03-19T00:55:07 CDT" duration-ms="539" status="PASS">
          <reporter-output>
          </reporter-output>
        </test-method> <!-- setup -->
        <test-method signature="testContextMenu()[pri:0, instance:DDC_Maven.DDC_Maven.DDCTest@1d8e2eea]" started-at="2023-03-19T00:55:07 CDT" name="testContextMenu" finished-at="2023-03-19T00:55:14 CDT" duration-ms="6701" status="PASS">
          <reporter-output>
          </reporter-output>
        </test-method> <!-- testContextMenu -->
        <test-method is-config="true" signature="tearDown()[pri:0, instance:DDC_Maven.DDC_Maven.DDCTest@1d8e2eea]" started-at="2023-03-19T00:55:14 CDT" name="tearDown" finished-at="2023-03-19T00:55:14 CDT" duration-ms="121" status="PASS">
          <reporter-output>
          </reporter-output>
        </test-method> <!-- tearDown -->
      </class> <!-- DDC_Maven.DDC_Maven.DDCTest -->
    </test> <!-- Default test -->
  </suite> <!-- Default suite -->
</testng-results>
